Using pre-set license
Built from '2021.3/staging' branch; Version is '2021.3.25f1 (68ef2c4f8861) revision 6876972'; Using compiler version '192829333'; Build Type 'Release'
OS: 'Windows 10  (10.0.19045) 64bit Professional' Language: 'ru' Physical Memory: 16207 MB
BatchMode: 1, IsHumanControllingUs: 0, StartBugReporterOnCrash: 0, Is64bit: 1, IsPro: 1

COMMAND LINE ARGUMENTS:
D:\Editor\2021.3.25f1\Editor\Unity.exe
-adb2
-batchMode
-noUpm
-name
AssetImportWorker0
-projectPath
D:/GBProject/GBProject
-logFile
Logs/AssetImportWorker0.log
-srvPort
53555
Successfully changed project path to: D:/GBProject/GBProject
D:/GBProject/GBProject
[UnityMemory] Configuration Parameters - Can be set up in boot.config
    "memorysetup-bucket-allocator-granularity=16"
    "memorysetup-bucket-allocator-bucket-count=8"
    "memorysetup-bucket-allocator-block-size=33554432"
    "memorysetup-bucket-allocator-block-count=8"
    "memorysetup-main-allocator-block-size=16777216"
    "memorysetup-thread-allocator-block-size=16777216"
    "memorysetup-gfx-main-allocator-block-size=16777216"
    "memorysetup-gfx-thread-allocator-block-size=16777216"
    "memorysetup-cache-allocator-block-size=4194304"
    "memorysetup-typetree-allocator-block-size=2097152"
    "memorysetup-profiler-bucket-allocator-granularity=16"
    "memorysetup-profiler-bucket-allocator-bucket-count=8"
    "memorysetup-profiler-bucket-allocator-block-size=33554432"
    "memorysetup-profiler-bucket-allocator-block-count=8"
    "memorysetup-profiler-allocator-block-size=16777216"
    "memorysetup-profiler-editor-allocator-block-size=1048576"
    "memorysetup-temp-allocator-size-main=16777216"
    "memorysetup-job-temp-allocator-block-size=2097152"
    "memorysetup-job-temp-allocator-block-size-background=1048576"
    "memorysetup-job-temp-allocator-reduction-small-platforms=262144"
    "memorysetup-temp-allocator-size-background-worker=32768"
    "memorysetup-temp-allocator-size-job-worker=262144"
    "memorysetup-temp-allocator-size-preload-manager=33554432"
    "memorysetup-temp-allocator-size-nav-mesh-worker=65536"
    "memorysetup-temp-allocator-size-audio-worker=65536"
    "memorysetup-temp-allocator-size-cloud-worker=32768"
    "memorysetup-temp-allocator-size-gi-baking-worker=262144"
    "memorysetup-temp-allocator-size-gfx=262144"
Player connection [10280] Host "[IP] 192.168.1.116 [Port] 0 [Flags] 2 [Guid] 286056897 [EditorId] 286056897 [Version] 1048832 [Id] WindowsEditor(7,DESKTOP-M7VL1FC) [Debug] 1 [PackageName] WindowsEditor [ProjectName] Editor" joined multi-casting on [225.0.0.222:54997]...

Player connection [10280] Host "[IP] 192.168.1.116 [Port] 0 [Flags] 2 [Guid] 286056897 [EditorId] 286056897 [Version] 1048832 [Id] WindowsEditor(7,DESKTOP-M7VL1FC) [Debug] 1 [PackageName] WindowsEditor [ProjectName] Editor" joined alternative multi-casting on [225.0.0.222:34997]...

Refreshing native plugins compatible for Editor in 312.88 ms, found 3 plugins.
Preloading 0 native plugins for Editor in 0.00 ms.
Initialize engine version: 2021.3.25f1 (68ef2c4f8861)
[Subsystems] Discovering subsystems at path D:/Editor/2021.3.25f1/Editor/Data/Resources/UnitySubsystems
[Subsystems] Discovering subsystems at path D:/GBProject/GBProject/Assets
GfxDevice: creating device client; threaded=0; jobified=0
Direct3D:
    Version:  Direct3D 11.0 [level 11.1]
    Renderer: NVIDIA GeForce RTX 3060 Laptop GPU (ID=0x2520)
    Vendor:   NVIDIA
    VRAM:     6010 MB
    Driver:   31.0.15.4665
Initialize mono
Mono path[0] = 'D:/Editor/2021.3.25f1/Editor/Data/Managed'
Mono path[1] = 'D:/Editor/2021.3.25f1/Editor/Data/MonoBleedingEdge/lib/mono/unityjit-win32'
Mono config path = 'D:/Editor/2021.3.25f1/Editor/Data/MonoBleedingEdge/etc'
Using monoOptions --debugger-agent=transport=dt_socket,embedding=1,server=y,suspend=n,address=127.0.0.1:56280
Begin MonoManager ReloadAssembly
Registering precompiled unity dll's ...
Register platform support module: D:/Editor/2021.3.25f1/Editor/Data/PlaybackEngines/WebGLSupport/UnityEditor.WebGL.Extensions.dll
Register platform support module: D:/Editor/2021.3.25f1/Editor/Data/PlaybackEngines/AndroidPlayer/UnityEditor.Android.Extensions.dll
Register platform support module: D:/Editor/2021.3.25f1/Editor/Data/PlaybackEngines/WindowsStandaloneSupport/UnityEditor.WindowsStandalone.Extensions.dll
Registered in 0.004672 seconds.
Native extension for WindowsStandalone target not found
Native extension for Android target not found
Android Extension - Scanning For ADB Devices 767 ms
Native extension for WebGL target not found
Refreshing native plugins compatible for Editor in 203.92 ms, found 3 plugins.
Preloading 0 native plugins for Editor in 0.00 ms.
Mono: successfully reloaded assembly
- Completed reload, in  2.371 seconds
Domain Reload Profiling:
	ReloadAssembly (2372ms)
		BeginReloadAssembly (175ms)
			ExecutionOrderSort (0ms)
			DisableScriptedObjects (0ms)
			BackupInstance (0ms)
			ReleaseScriptingObjects (0ms)
			CreateAndSetChildDomain (1ms)
		EndReloadAssembly (1959ms)
			LoadAssemblies (175ms)
			RebuildTransferFunctionScriptingTraits (0ms)
			SetupTypeCache (278ms)
			ReleaseScriptCaches (0ms)
			RebuildScriptCaches (54ms)
			SetupLoadedEditorAssemblies (1514ms)
				LogAssemblyErrors (0ms)
				InitializePlatformSupportModulesInManaged (1015ms)
				SetLoadedEditorAssemblies (0ms)
				RefreshPlugins (204ms)
				BeforeProcessingInitializeOnLoad (2ms)
				ProcessInitializeOnLoadAttributes (190ms)
				ProcessInitializeOnLoadMethodAttributes (102ms)
				AfterProcessingInitializeOnLoad (0ms)
				EditorAssembliesLoaded (0ms)
			ExecutionOrderSort2 (0ms)
			AwakeInstancesAfterBackupRestoration (0ms)
Platform modules already initialized, skipping
Registering precompiled user dll's ...
Registered in 0.005945 seconds.
Begin MonoManager ReloadAssembly
Symbol file LoadedFromMemory doesn't match image D:\GBProject\GBProject\Library\PackageCache\com.unity.visualscripting@1.8.0\Editor\VisualScripting.Core\Dependencies\YamlDotNet\Unity.VisualScripting.YamlDotNet.dll
Symbol file LoadedFromMemory doesn't match image D:\GBProject\GBProject\Library\PackageCache\com.unity.visualscripting@1.8.0\Editor\VisualScripting.Core\Dependencies\DotNetZip\Unity.VisualScripting.IonicZip.dll
Native extension for WindowsStandalone target not found
Native extension for Android target not found
Native extension for WebGL target not found
Refreshing native plugins compatible for Editor in 1.10 ms, found 3 plugins.
Preloading 0 native plugins for Editor in 0.00 ms.
Mono: successfully reloaded assembly
- Completed reload, in  2.355 seconds
Domain Reload Profiling:
	ReloadAssembly (2356ms)
		BeginReloadAssembly (269ms)
			ExecutionOrderSort (0ms)
			DisableScriptedObjects (12ms)
			BackupInstance (0ms)
			ReleaseScriptingObjects (0ms)
			CreateAndSetChildDomain (33ms)
		EndReloadAssembly (1825ms)
			LoadAssemblies (204ms)
			RebuildTransferFunctionScriptingTraits (0ms)
			SetupTypeCache (676ms)
			ReleaseScriptCaches (1ms)
			RebuildScriptCaches (148ms)
			SetupLoadedEditorAssemblies (753ms)
				LogAssemblyErrors (0ms)
				InitializePlatformSupportModulesInManaged (72ms)
				SetLoadedEditorAssemblies (1ms)
				RefreshPlugins (1ms)
				BeforeProcessingInitializeOnLoad (160ms)
				ProcessInitializeOnLoadAttributes (479ms)
				ProcessInitializeOnLoadMethodAttributes (35ms)
				AfterProcessingInitializeOnLoad (4ms)
				EditorAssembliesLoaded (0ms)
			ExecutionOrderSort2 (0ms)
			AwakeInstancesAfterBackupRestoration (13ms)
Platform modules already initialized, skipping
========================================================================
Worker process is ready to serve import requests
Launched and connected shader compiler UnityShaderCompiler.exe after 0.13 seconds
Refreshing native plugins compatible for Editor in 0.66 ms, found 3 plugins.
Preloading 0 native plugins for Editor in 0.00 ms.
Unloading 3050 Unused Serialized files (Serialized files now loaded: 0)
Unloading 24 unused Assets / (341.4 KB). Loaded Objects now: 3513.
Memory consumption went from 112.4 MB to 112.1 MB.
Total: 4.259400 ms (FindLiveObjects: 0.379000 ms CreateObjectMapping: 0.312700 ms MarkObjects: 3.421600 ms  DeleteObjects: 0.145100 ms)

AssetImportParameters requested are different than current active one (requested -> active):
  custom:video-decoder-ogg-theora: a1e56fd34408186e4bbccfd4996cb3dc -> 
  custom:container-muxer-webm: aa71ff27fc2769a1b78a27578f13a17b -> 
  custom:container-demuxer-webm: 4f35f7cbe854078d1ac9338744f61a02 -> 
  custom:video-encoder-webm-vp8: eb34c28f22e8b96e1ab97ce403110664 -> 
  custom:audio-encoder-webm-vorbis: bf7c407c2cedff20999df2af8eb42d56 -> 
  custom:framework-win-MediaFoundation: 216162199b28c13a410421893ffa2e32 -> 
  custom:container-demuxer-ogg: 62fdf1f143b41e24485cea50d1cbac27 -> 
  custom:video-decoder-webm-vp8: 9c59270c3fd7afecdb556c50c9e8de78 -> 
  custom:audio-decoder-ogg-vorbis: bf7c407c2cedff20999df2af8eb42d56 -> 
========================================================================
Received Import Request.
  Time since last request: 31719.799440 seconds.
  path: Assets/Scenes
  artifactKey: Guid(6ea315d0fd7389c41b19996891e99ae3) Importer(815301076,1909f56bfc062723c751e8b465ee728b)
Start importing Assets/Scenes using Guid(6ea315d0fd7389c41b19996891e99ae3) Importer(815301076,1909f56bfc062723c751e8b465ee728b)  -> (artifact id: 'b8193726cff86800c54781cdc6d54904') in 0.016323 seconds 
========================================================================
Received Import Request.
  Time since last request: 52.974993 seconds.
  path: Assets/Scenes/Scene1.unity
  artifactKey: Guid(9fc0d4010bbf28b4594072e72b8655ab) Importer(815301076,1909f56bfc062723c751e8b465ee728b)
Start importing Assets/Scenes/Scene1.unity using Guid(9fc0d4010bbf28b4594072e72b8655ab) Importer(815301076,1909f56bfc062723c751e8b465ee728b)  -> (artifact id: '22657ebf33ff8ba715ef3fb0faa4544d') in 0.042993 seconds 
========================================================================
Received Import Request.
  Time since last request: 934.913070 seconds.
  path: Assets
  artifactKey: Guid(00000000000000001000000000000000) Importer(815301076,1909f56bfc062723c751e8b465ee728b)
Start importing Assets using Guid(00000000000000001000000000000000) Importer(815301076,1909f56bfc062723c751e8b465ee728b)  -> (artifact id: '79842766b460edbeab6a34051e857a80') in 0.012117 seconds 
========================================================================
Received Import Request.
  Time since last request: 7.494618 seconds.
  path: Assets/Materials
  artifactKey: Guid(87c39b84093467949b94e3b4d87dec13) Importer(815301076,1909f56bfc062723c751e8b465ee728b)
Start importing Assets/Materials using Guid(87c39b84093467949b94e3b4d87dec13) Importer(815301076,1909f56bfc062723c751e8b465ee728b)  -> (artifact id: '674c3c497676c2b820a7488a8c58952d') in 0.064551 seconds 
========================================================================
Received Import Request.
  Time since last request: 29.736567 seconds.
  path: Assets/Materials/FloorMat.mat
  artifactKey: Guid(bd6e025ad4386064aaefdc782397a62b) Importer(815301076,1909f56bfc062723c751e8b465ee728b)
Start importing Assets/Materials/FloorMat.mat using Guid(bd6e025ad4386064aaefdc782397a62b) Importer(815301076,1909f56bfc062723c751e8b465ee728b)  -> (artifact id: 'f4fb6ebe050b01b0d56e72a778cd7b2b') in 0.945734 seconds 
========================================================================
Received Import Request.
  Time since last request: 21.492778 seconds.
  path: Assets/Materials/FloorMat.mat
  artifactKey: Guid(bd6e025ad4386064aaefdc782397a62b) Importer(815301076,1909f56bfc062723c751e8b465ee728b)
Start importing Assets/Materials/FloorMat.mat using Guid(bd6e025ad4386064aaefdc782397a62b) Importer(815301076,1909f56bfc062723c751e8b465ee728b)  -> (artifact id: 'c171a318c17c0b08c9e36f4945183f8a') in 0.021282 seconds 
========================================================================
Received Import Request.
  Time since last request: 181.950305 seconds.
  path: Assets/Materials/TableBaseMat.mat
  artifactKey: Guid(f12b84714f72aba4cb683187a1ee383b) Importer(815301076,1909f56bfc062723c751e8b465ee728b)
Start importing Assets/Materials/TableBaseMat.mat using Guid(f12b84714f72aba4cb683187a1ee383b) Importer(815301076,1909f56bfc062723c751e8b465ee728b)  -> (artifact id: 'ee4d7bd90dea02d2a19009d01eab0c4a') in 0.078496 seconds 
========================================================================
Received Import Request.
  Time since last request: 29.015645 seconds.
  path: Assets/Materials/TableBaseMat.mat
  artifactKey: Guid(f12b84714f72aba4cb683187a1ee383b) Importer(815301076,1909f56bfc062723c751e8b465ee728b)
Start importing Assets/Materials/TableBaseMat.mat using Guid(f12b84714f72aba4cb683187a1ee383b) Importer(815301076,1909f56bfc062723c751e8b465ee728b)  -> (artifact id: 'dff62d02081aaee4bd289fdd6bae6539') in 0.019303 seconds 
========================================================================
Received Import Request.
  Time since last request: 41.696286 seconds.
  path: Assets/Materials/TableBaseMat.mat
  artifactKey: Guid(f12b84714f72aba4cb683187a1ee383b) Importer(815301076,1909f56bfc062723c751e8b465ee728b)
Start importing Assets/Materials/TableBaseMat.mat using Guid(f12b84714f72aba4cb683187a1ee383b) Importer(815301076,1909f56bfc062723c751e8b465ee728b)  -> (artifact id: '43ee2ee431b5121dc3ed88089268a48d') in 0.570463 seconds 
========================================================================
Received Import Request.
  Time since last request: 132.571138 seconds.
  path: Assets/Materials/PillarMat.mat
  artifactKey: Guid(27bc21e7ded8d634d90900c577073909) Importer(815301076,1909f56bfc062723c751e8b465ee728b)
Start importing Assets/Materials/PillarMat.mat using Guid(27bc21e7ded8d634d90900c577073909) Importer(815301076,1909f56bfc062723c751e8b465ee728b)  -> (artifact id: '4570e8bc08960cf721461f1f030a7af2') in 0.031433 seconds 
========================================================================
Received Import Request.
  Time since last request: 12.300489 seconds.
  path: Assets/Materials/PillarMat.mat
  artifactKey: Guid(27bc21e7ded8d634d90900c577073909) Importer(815301076,1909f56bfc062723c751e8b465ee728b)
Start importing Assets/Materials/PillarMat.mat using Guid(27bc21e7ded8d634d90900c577073909) Importer(815301076,1909f56bfc062723c751e8b465ee728b)  -> (artifact id: '2f169bb7f3c0a684f391b228b3734507') in 0.019909 seconds 
========================================================================
Received Import Request.
  Time since last request: 1255.580597 seconds.
  path: Assets/Materials/ChairBaseMat.mat
  artifactKey: Guid(26cd4aa6ec3d6754a98f790ecff46c6e) Importer(815301076,1909f56bfc062723c751e8b465ee728b)
Start importing Assets/Materials/ChairBaseMat.mat using Guid(26cd4aa6ec3d6754a98f790ecff46c6e) Importer(815301076,1909f56bfc062723c751e8b465ee728b)  -> (artifact id: '50faef184ee714f2b62ba14a07f0aa04') in 0.059194 seconds 
========================================================================
Received Import Request.
  Time since last request: 17.366291 seconds.
  path: Assets/Materials/ChairBaseMat.mat
  artifactKey: Guid(26cd4aa6ec3d6754a98f790ecff46c6e) Importer(815301076,1909f56bfc062723c751e8b465ee728b)
Start importing Assets/Materials/ChairBaseMat.mat using Guid(26cd4aa6ec3d6754a98f790ecff46c6e) Importer(815301076,1909f56bfc062723c751e8b465ee728b)  -> (artifact id: '8f9b102fbc684865978934494c5f44e9') in 0.030287 seconds 
========================================================================
Received Import Request.
  Time since last request: 278.556281 seconds.
  path: Assets/Materials/PlatformMat.mat
  artifactKey: Guid(866a80ccc9895f74787cd6a9cd7ef413) Importer(815301076,1909f56bfc062723c751e8b465ee728b)
Start importing Assets/Materials/PlatformMat.mat using Guid(866a80ccc9895f74787cd6a9cd7ef413) Importer(815301076,1909f56bfc062723c751e8b465ee728b)  -> (artifact id: 'd17f4a44bd862e6059fa35d53ad56720') in 0.046824 seconds 
========================================================================
Received Import Request.
  Time since last request: 39.006748 seconds.
  path: Assets/Materials/PlatformMat.mat
  artifactKey: Guid(866a80ccc9895f74787cd6a9cd7ef413) Importer(815301076,1909f56bfc062723c751e8b465ee728b)
Start importing Assets/Materials/PlatformMat.mat using Guid(866a80ccc9895f74787cd6a9cd7ef413) Importer(815301076,1909f56bfc062723c751e8b465ee728b)  -> (artifact id: '354c88a8db68efa645e6ffcaa123b2a0') in 0.020238 seconds 
